<?xml version="1.0" encoding="UTF-8"?>
<!-- Generated by org.testng.reporters.JUnitXMLReporter -->
<testsuite hostname="gem-PC" ignored="0" name="groupTest1" tests="4" failures="0" timestamp="13 Sep 2018 17:47:26 GMT" time="0.1" errors="0">
  <testcase name="AudiA6" time="0.007" classname="integrationtesting.integration2.TestNG_GroupingTest"/>
  <testcase name="BMW3Series" time="0.003" classname="integrationtesting.integration2.TestNG_GroupingTest"/>
  <testcase name="BMWX3" time="0.005" classname="integrationtesting.integration2.TestNG_GroupingTest"/>
  <testcase name="HondaAccord" time="0.005" classname="integrationtesting.integration2.TestNG_GroupingTest"/>
</testsuite> <!-- groupTest1 -->
