<?xml version="1.0" encoding="UTF-8"?>
<testng-results skipped="0" failed="0" ignored="0" total="4" passed="4">
  <reporter-output>
  </reporter-output>
  <suite name="TestGroupingSuite" duration-ms="100" started-at="2018-09-13T17:47:25Z" finished-at="2018-09-13T17:47:26Z">
    <groups>
      <group name="SUV">
        <method signature="TestNG_GroupingTest.BMWX3()[pri:0, instance:integrationtesting.integration2.TestNG_GroupingTest@26653222]" name="BMWX3" class="integrationtesting.integration2.TestNG_GroupingTest"/>
      </group> <!-- SUV -->
      <group name="Audi">
        <method signature="TestNG_GroupingTest.AudiA6()[pri:0, instance:integrationtesting.integration2.TestNG_GroupingTest@26653222]" name="AudiA6" class="integrationtesting.integration2.TestNG_GroupingTest"/>
      </group> <!-- Audi -->
      <group name="BMW">
        <method signature="TestNG_GroupingTest.BMW3Series()[pri:0, instance:integrationtesting.integration2.TestNG_GroupingTest@26653222]" name="BMW3Series" class="integrationtesting.integration2.TestNG_GroupingTest"/>
        <method signature="TestNG_GroupingTest.BMWX3()[pri:0, instance:integrationtesting.integration2.TestNG_GroupingTest@26653222]" name="BMWX3" class="integrationtesting.integration2.TestNG_GroupingTest"/>
      </group> <!-- BMW -->
      <group name="Sedan">
        <method signature="TestNG_GroupingTest.AudiA6()[pri:0, instance:integrationtesting.integration2.TestNG_GroupingTest@26653222]" name="AudiA6" class="integrationtesting.integration2.TestNG_GroupingTest"/>
        <method signature="TestNG_GroupingTest.BMW3Series()[pri:0, instance:integrationtesting.integration2.TestNG_GroupingTest@26653222]" name="BMW3Series" class="integrationtesting.integration2.TestNG_GroupingTest"/>
        <method signature="TestNG_GroupingTest.HondaAccord()[pri:0, instance:integrationtesting.integration2.TestNG_GroupingTest@26653222]" name="HondaAccord" class="integrationtesting.integration2.TestNG_GroupingTest"/>
      </group> <!-- Sedan -->
      <group name="Honda">
        <method signature="TestNG_GroupingTest.HondaAccord()[pri:0, instance:integrationtesting.integration2.TestNG_GroupingTest@26653222]" name="HondaAccord" class="integrationtesting.integration2.TestNG_GroupingTest"/>
      </group> <!-- Honda -->
    </groups>
    <test name="groupTest1" duration-ms="100" started-at="2018-09-13T17:47:25Z" finished-at="2018-09-13T17:47:26Z">
      <class name="integrationtesting.integration2.TestNG_GroupingTest">
        <test-method status="PASS" signature="beforeMethod()[pri:0, instance:integrationtesting.integration2.TestNG_GroupingTest@26653222]" name="beforeMethod" is-config="true" duration-ms="12" started-at="2018-09-13T17:47:25Z" finished-at="2018-09-13T17:47:25Z">
          <reporter-output>
          </reporter-output>
        </test-method> <!-- beforeMethod -->
        <test-method status="PASS" signature="AudiA6()[pri:0, instance:integrationtesting.integration2.TestNG_GroupingTest@26653222]" name="AudiA6" duration-ms="7" started-at="2018-09-13T17:47:25Z" finished-at="2018-09-13T17:47:25Z">
          <reporter-output>
          </reporter-output>
        </test-method> <!-- AudiA6 -->
        <test-method status="PASS" signature="beforeMethod()[pri:0, instance:integrationtesting.integration2.TestNG_GroupingTest@26653222]" name="beforeMethod" is-config="true" duration-ms="0" started-at="2018-09-13T17:47:25Z" finished-at="2018-09-13T17:47:25Z">
          <reporter-output>
          </reporter-output>
        </test-method> <!-- beforeMethod -->
        <test-method status="PASS" signature="BMW3Series()[pri:0, instance:integrationtesting.integration2.TestNG_GroupingTest@26653222]" name="BMW3Series" duration-ms="3" started-at="2018-09-13T17:47:25Z" finished-at="2018-09-13T17:47:25Z">
          <reporter-output>
          </reporter-output>
        </test-method> <!-- BMW3Series -->
        <test-method status="PASS" signature="beforeMethod()[pri:0, instance:integrationtesting.integration2.TestNG_GroupingTest@26653222]" name="beforeMethod" is-config="true" duration-ms="0" started-at="2018-09-13T17:47:26Z" finished-at="2018-09-13T17:47:26Z">
          <reporter-output>
          </reporter-output>
        </test-method> <!-- beforeMethod -->
        <test-method status="PASS" signature="BMWX3()[pri:0, instance:integrationtesting.integration2.TestNG_GroupingTest@26653222]" name="BMWX3" duration-ms="5" started-at="2018-09-13T17:47:26Z" finished-at="2018-09-13T17:47:26Z">
          <reporter-output>
          </reporter-output>
        </test-method> <!-- BMWX3 -->
        <test-method status="PASS" signature="beforeMethod()[pri:0, instance:integrationtesting.integration2.TestNG_GroupingTest@26653222]" name="beforeMethod" is-config="true" duration-ms="1" started-at="2018-09-13T17:47:26Z" finished-at="2018-09-13T17:47:26Z">
          <reporter-output>
          </reporter-output>
        </test-method> <!-- beforeMethod -->
        <test-method status="PASS" signature="HondaAccord()[pri:0, instance:integrationtesting.integration2.TestNG_GroupingTest@26653222]" name="HondaAccord" duration-ms="5" started-at="2018-09-13T17:47:26Z" finished-at="2018-09-13T17:47:26Z">
          <reporter-output>
          </reporter-output>
        </test-method> <!-- HondaAccord -->
      </class> <!-- integrationtesting.integration2.TestNG_GroupingTest -->
    </test> <!-- groupTest1 -->
  </suite> <!-- TestGroupingSuite -->
</testng-results>
